#
# There is insufficient memory for the Java Runtime Environment to continue.
# Native memory allocation (malloc) failed to allocate 92592 bytes. Error detail: Chunk::new
# Possible reasons:
#   The system is out of physical RAM or swap space
#   This process is running with CompressedOops enabled, and the Java Heap may be blocking the growth of the native heap
# Possible solutions:
#   Reduce memory load on the system
#   Increase physical memory or swap space
#   Check if swap backing store is full
#   Decrease Java heap size (-Xmx/-Xms)
#   Decrease number of Java threads
#   Decrease Java thread stack sizes (-Xss)
#   Set larger code cache with -XX:ReservedCodeCacheSize=
#   JVM is running with Zero Based Compressed Oops mode in which the Java heap is
#     placed in the first 32GB address space. The Java Heap base address is the
#     maximum limit for the native heap growth. Please use -XX:HeapBaseMinAddress
#     to set the Java Heap base and to place the Java Heap above 32GB virtual address.
# This output file may be truncated or incomplete.
#
#  Out of Memory Error (arena.cpp:168), pid=23584, tid=10300
#
# JRE version: OpenJDK Runtime Environment JBR-21.0.8+1-1038.71-jcef (21.0.8+1) (build 21.0.8+1-b1038.71)
# Java VM: OpenJDK 64-Bit Server VM JBR-21.0.8+1-1038.71-jcef (21.0.8+1-b1038.71, mixed mode, sharing, tiered, compressed oops, compressed class ptrs, g1 gc, windows-amd64)
# No core dump will be written. Minidumps are not enabled by default on client versions of Windows
#

---------------  S U M M A R Y ------------

Command Line: git4idea.http.GitAskPassApp Username for 'https://github.com': 

Host: Intel(R) Core(TM) i7-6700 CPU @ 3.40GHz, 8 cores, 15G,  Windows 10 , 64 bit Build 19041 (10.0.19041.5915)
Time: Sat Oct 18 00:03:34 2025 Atlantic Daylight Time elapsed time: 0.178201 seconds (0d 0h 0m 0s)

---------------  T H R E A D  ---------------

Current thread (0x000001b4fe57f2d0):  JavaThread "C2 CompilerThread0" daemon [_thread_in_native, id=10300, stack(0x000000a687500000,0x000000a687600000) (1024K)]


Current CompileTask:
C2:178  431       4       java.lang.StringBuilder::append (8 bytes)

Stack: [0x000000a687500000,0x000000a687600000]
Native frames: (J=compiled Java code, j=interpreted, Vv=VM code, C=native code)
V  [jvm.dll+0x6ebeb9]
V  [jvm.dll+0x8cbec3]
V  [jvm.dll+0x8ce47e]
V  [jvm.dll+0x8ceb63]
V  [jvm.dll+0x28adf6]
V  [jvm.dll+0xc6f3d]
V  [jvm.dll+0xc7473]
V  [jvm.dll+0x3c7aeb]
V  [jvm.dll+0x393697]
V  [jvm.dll+0x392b0a]
V  [jvm.dll+0x251d92]
V  [jvm.dll+0x251361]
V  [jvm.dll+0x1ceb64]
V  [jvm.dll+0x260bfe]
V  [jvm.dll+0x25f146]
V  [jvm.dll+0x402ee6]
V  [jvm.dll+0x873a78]
V  [jvm.dll+0x6ea63d]
C  [ucrtbase.dll+0x21bb2]
C  [KERNEL32.DLL+0x17374]
C  [ntdll.dll+0x4cc91]


---------------  P R O C E S S  ---------------

Threads class SMR info:
_java_thread_list=0x000001b4fe7e21a0, length=11, elements={
0x000001b4f2883550, 0x000001b4fe573e50, 0x000001b4fe576000, 0x000001b4fe576c60,
0x000001b4fe5796d0, 0x000001b4fe57c140, 0x000001b4fe580e80, 0x000001b4fe5818e0,
0x000001b4fe57f2d0, 0x000001b4fe57fd70, 0x000001b4fe809bb0
}

Java Threads: ( => current thread )
  0x000001b4f2883550 JavaThread "main"                              [_thread_in_vm, id=18744, stack(0x000000a686600000,0x000000a686700000) (1024K)]
  0x000001b4fe573e50 JavaThread "Common-Cleaner"             daemon [_thread_blocked, id=19224, stack(0x000000a686e00000,0x000000a686f00000) (1024K)]
  0x000001b4fe576000 JavaThread "Reference Handler"          daemon [_thread_blocked, id=27844, stack(0x000000a686f00000,0x000000a687000000) (1024K)]
  0x000001b4fe576c60 JavaThread "Finalizer"                  daemon [_thread_blocked, id=2888, stack(0x000000a687000000,0x000000a687100000) (1024K)]
  0x000001b4fe5796d0 JavaThread "Signal Dispatcher"          daemon [_thread_blocked, id=7996, stack(0x000000a687100000,0x000000a687200000) (1024K)]
  0x000001b4fe57c140 JavaThread "Attach Listener"            daemon [_thread_blocked, id=21440, stack(0x000000a687200000,0x000000a687300000) (1024K)]
  0x000001b4fe580e80 JavaThread "Service Thread"             daemon [_thread_blocked, id=28380, stack(0x000000a687300000,0x000000a687400000) (1024K)]
  0x000001b4fe5818e0 JavaThread "Monitor Deflation Thread"   daemon [_thread_blocked, id=12688, stack(0x000000a687400000,0x000000a687500000) (1024K)]
=>0x000001b4fe57f2d0 JavaThread "C2 CompilerThread0"         daemon [_thread_in_native, id=10300, stack(0x000000a687500000,0x000000a687600000) (1024K)]
  0x000001b4fe57fd70 JavaThread "C1 CompilerThread0"         daemon [_thread_in_native, id=26892, stack(0x000000a687600000,0x000000a687700000) (1024K)]
  0x000001b4fe809bb0 JavaThread "Notification Thread"        daemon [_thread_blocked, id=5312, stack(0x000000a687700000,0x000000a687800000) (1024K)]
Total: 11

Other Threads:
  0x000001b4fe556170 VMThread "VM Thread"                           [id=27688, stack(0x000000a686d00000,0x000000a686e00000) (1024K)]
  0x000001b4fe5460a0 WatcherThread "VM Periodic Task Thread"        [id=3596, stack(0x000000a686c00000,0x000000a686d00000) (1024K)]
  0x000001b4f28e7900 WorkerThread "GC Thread#0"                     [id=22092, stack(0x000000a686700000,0x000000a686800000) (1024K)]
  0x000001b4f28f86a0 ConcurrentGCThread "G1 Main Marker"            [id=1560, stack(0x000000a686800000,0x000000a686900000) (1024K)]
  0x000001b4f28fa360 WorkerThread "G1 Conc#0"                       [id=18176, stack(0x000000a686900000,0x000000a686a00000) (1024K)]
  0x000001b4fe4181a0 ConcurrentGCThread "G1 Refine#0"               [id=26940, stack(0x000000a686a00000,0x000000a686b00000) (1024K)]
  0x000001b4fe4189c0 ConcurrentGCThread "G1 Service"                [id=21128, stack(0x000000a686b00000,0x000000a686c00000) (1024K)]
Total: 7

Threads with active compile tasks:
C2 CompilerThread0  199  431       4       java.lang.StringBuilder::append (8 bytes)
C1 CompilerThread0  199  435       3       sun.nio.fs.WindowsPathParser::parse (504 bytes)
Total: 2

VM state: not at safepoint (normal execution)

VM Mutex/Monitor currently owned by a thread:  ([mutex/lock_event])
[0x00007ffa06515ad8] Metaspace_lock - owner thread: 0x000001b4f2883550

Heap address: 0x0000000702400000, size: 4060 MB, Compressed Oops mode: Zero based, Oop shift amount: 3

CDS archive(s) mapped at: [0x000001b48f000000-0x000001b490c00000-0x000001b490c00000), size 29360128, SharedBaseAddress: 0x000001b48f000000, ArchiveRelocationMode: 1.
Compressed class space mapped at: 0x000001b491000000-0x000001b4d1000000, reserved size: 1073741824
Narrow klass base: 0x000001b48f000000, Narrow klass shift: 0, Narrow klass range: 0x100000000

GC Precious Log:
 CardTable entry size: 512
 Card Set container configuration: InlinePtr #cards 4 size 8 Array Of Cards #cards 16 size 48 Howl #buckets 8 coarsen threshold 3686 Howl Bitmap #cards 512 size 80 coarsen threshold 460 Card regions per heap region 1 cards per card region 4096
 CPUs: 8 total, 8 available
 Memory: 16234M
 Large Page Support: Disabled
 NUMA Support: Disabled
 Compressed Oops: Enabled (Zero based)
 Heap Region Size: 2M
 Heap Min Capacity: 8M
 Heap Initial Capacity: 254M
 Heap Max Capacity: 4060M
 Pre-touch: Disabled
 Parallel Workers: 8
 Concurrent Workers: 2
 Concurrent Refinement Workers: 8
 Periodic GC: Disabled

Heap:
 garbage-first heap   total 260096K, used 6144K [0x0000000702400000, 0x0000000800000000)
  region size 2048K, 4 young (8192K), 0 survivors (0K)
 Metaspace       used 938K, committed 1024K, reserved 1114112K
  class space    used 94K, committed 128K, reserved 1048576K

Heap Regions: E=young(eden), S=young(survivor), O=old, HS=humongous(starts), HC=humongous(continues), CS=collection set, F=free, TAMS=top-at-mark-start, PB=parsable bottom
|   0|0x0000000702400000, 0x0000000702400000, 0x0000000702600000|  0%| F|  |TAMS 0x0000000702400000| PB 0x0000000702400000| Untracked 
|   1|0x0000000702600000, 0x0000000702600000, 0x0000000702800000|  0%| F|  |TAMS 0x0000000702600000| PB 0x0000000702600000| Untracked 
|   2|0x0000000702800000, 0x0000000702800000, 0x0000000702a00000|  0%| F|  |TAMS 0x0000000702800000| PB 0x0000000702800000| Untracked 
|   3|0x0000000702a00000, 0x0000000702a00000, 0x0000000702c00000|  0%| F|  |TAMS 0x0000000702a00000| PB 0x0000000702a00000| Untracked 
|   4|0x0000000702c00000, 0x0000000702c00000, 0x0000000702e00000|  0%| F|  |TAMS 0x0000000702c00000| PB 0x0000000702c00000| Untracked 
|   5|0x0000000702e00000, 0x0000000702e00000, 0x0000000703000000|  0%| F|  |TAMS 0x0000000702e00000| PB 0x0000000702e00000| Untracked 
|   6|0x0000000703000000, 0x0000000703000000, 0x0000000703200000|  0%| F|  |TAMS 0x0000000703000000| PB 0x0000000703000000| Untracked 
|   7|0x0000000703200000, 0x0000000703200000, 0x0000000703400000|  0%| F|  |TAMS 0x0000000703200000| PB 0x0000000703200000| Untracked 
|   8|0x0000000703400000, 0x0000000703400000, 0x0000000703600000|  0%| F|  |TAMS 0x0000000703400000| PB 0x0000000703400000| Untracked 
|   9|0x0000000703600000, 0x0000000703600000, 0x0000000703800000|  0%| F|  |TAMS 0x0000000703600000| PB 0x0000000703600000| Untracked 
|  10|0x0000000703800000, 0x0000000703800000, 0x0000000703a00000|  0%| F|  |TAMS 0x0000000703800000| PB 0x0000000703800000| Untracked 
|  11|0x0000000703a00000, 0x0000000703a00000, 0x0000000703c00000|  0%| F|  |TAMS 0x0000000703a00000| PB 0x0000000703a00000| Untracked 
|  12|0x0000000703c00000, 0x0000000703c00000, 0x0000000703e00000|  0%| F|  |TAMS 0x0000000703c00000| PB 0x0000000703c00000| Untracked 
|  13|0x0000000703e00000, 0x0000000703e00000, 0x0000000704000000|  0%| F|  |TAMS 0x0000000703e00000| PB 0x0000000703e00000| Untracked 
|  14|0x0000000704000000, 0x0000000704000000, 0x0000000704200000|  0%| F|  |TAMS 0x0000000704000000| PB 0x0000000704000000| Untracked 
|  15|0x0000000704200000, 0x0000000704200000, 0x0000000704400000|  0%| F|  |TAMS 0x0000000704200000| PB 0x0000000704200000| Untracked 
|  16|0x0000000704400000, 0x0000000704400000, 0x0000000704600000|  0%| F|  |TAMS 0x0000000704400000| PB 0x0000000704400000| Untracked 
|  17|0x0000000704600000, 0x0000000704600000, 0x0000000704800000|  0%| F|  |TAMS 0x0000000704600000| PB 0x0000000704600000| Untracked 
|  18|0x0000000704800000, 0x0000000704800000, 0x0000000704a00000|  0%| F|  |TAMS 0x0000000704800000| PB 0x0000000704800000| Untracked 
|  19|0x0000000704a00000, 0x0000000704a00000, 0x0000000704c00000|  0%| F|  |TAMS 0x0000000704a00000| PB 0x0000000704a00000| Untracked 
|  20|0x0000000704c00000, 0x0000000704c00000, 0x0000000704e00000|  0%| F|  |TAMS 0x0000000704c00000| PB 0x0000000704c00000| Untracked 
|  21|0x0000000704e00000, 0x0000000704e00000, 0x0000000705000000|  0%| F|  |TAMS 0x0000000704e00000| PB 0x0000000704e00000| Untracked 
|  22|0x0000000705000000, 0x0000000705000000, 0x0000000705200000|  0%| F|  |TAMS 0x0000000705000000| PB 0x0000000705000000| Untracked 
|  23|0x0000000705200000, 0x0000000705200000, 0x0000000705400000|  0%| F|  |TAMS 0x0000000705200000| PB 0x0000000705200000| Untracked 
|  24|0x0000000705400000, 0x0000000705400000, 0x0000000705600000|  0%| F|  |TAMS 0x0000000705400000| PB 0x0000000705400000| Untracked 
|  25|0x0000000705600000, 0x0000000705600000, 0x0000000705800000|  0%| F|  |TAMS 0x0000000705600000| PB 0x0000000705600000| Untracked 
|  26|0x0000000705800000, 0x0000000705800000, 0x0000000705a00000|  0%| F|  |TAMS 0x0000000705800000| PB 0x0000000705800000| Untracked 
|  27|0x0000000705a00000, 0x0000000705a00000, 0x0000000705c00000|  0%| F|  |TAMS 0x0000000705a00000| PB 0x0000000705a00000| Untracked 
|  28|0x0000000705c00000, 0x0000000705c00000, 0x0000000705e00000|  0%| F|  |TAMS 0x0000000705c00000| PB 0x0000000705c00000| Untracked 
|  29|0x0000000705e00000, 0x0000000705e00000, 0x0000000706000000|  0%| F|  |TAMS 0x0000000705e00000| PB 0x0000000705e00000| Untracked 
|  30|0x0000000706000000, 0x0000000706000000, 0x0000000706200000|  0%| F|  |TAMS 0x0000000706000000| PB 0x0000000706000000| Untracked 
|  31|0x0000000706200000, 0x0000000706200000, 0x0000000706400000|  0%| F|  |TAMS 0x0000000706200000| PB 0x0000000706200000| Untracked 
|  32|0x0000000706400000, 0x0000000706400000, 0x0000000706600000|  0%| F|  |TAMS 0x0000000706400000| PB 0x0000000706400000| Untracked 
|  33|0x0000000706600000, 0x0000000706600000, 0x0000000706800000|  0%| F|  |TAMS 0x0000000706600000| PB 0x0000000706600000| Untracked 
|  34|0x0000000706800000, 0x0000000706800000, 0x0000000706a00000|  0%| F|  |TAMS 0x0000000706800000| PB 0x0000000706800000| Untracked 
|  35|0x0000000706a00000, 0x0000000706a00000, 0x0000000706c00000|  0%| F|  |TAMS 0x0000000706a00000| PB 0x0000000706a00000| Untracked 
|  36|0x0000000706c00000, 0x0000000706c00000, 0x0000000706e00000|  0%| F|  |TAMS 0x0000000706c00000| PB 0x0000000706c00000| Untracked 
|  37|0x0000000706e00000, 0x0000000706e00000, 0x0000000707000000|  0%| F|  |TAMS 0x0000000706e00000| PB 0x0000000706e00000| Untracked 
|  38|0x0000000707000000, 0x0000000707000000, 0x0000000707200000|  0%| F|  |TAMS 0x0000000707000000| PB 0x0000000707000000| Untracked 
|  39|0x0000000707200000, 0x0000000707200000, 0x0000000707400000|  0%| F|  |TAMS 0x0000000707200000| PB 0x0000000707200000| Untracked 
|  40|0x0000000707400000, 0x0000000707400000, 0x0000000707600000|  0%| F|  |TAMS 0x0000000707400000| PB 0x0000000707400000| Untracked 
|  41|0x0000000707600000, 0x0000000707600000, 0x0000000707800000|  0%| F|  |TAMS 0x0000000707600000| PB 0x0000000707600000| Untracked 
|  42|0x0000000707800000, 0x0000000707800000, 0x0000000707a00000|  0%| F|  |TAMS 0x0000000707800000| PB 0x0000000707800000| Untracked 
|  43|0x0000000707a00000, 0x0000000707a00000, 0x0000000707c00000|  0%| F|  |TAMS 0x0000000707a00000| PB 0x0000000707a00000| Untracked 
|  44|0x0000000707c00000, 0x0000000707c00000, 0x0000000707e00000|  0%| F|  |TAMS 0x0000000707c00000| PB 0x0000000707c00000| Untracked 
|  45|0x0000000707e00000, 0x0000000707e00000, 0x0000000708000000|  0%| F|  |TAMS 0x0000000707e00000| PB 0x0000000707e00000| Untracked 
|  46|0x0000000708000000, 0x0000000708000000, 0x0000000708200000|  0%| F|  |TAMS 0x0000000708000000| PB 0x0000000708000000| Untracked 
|  47|0x0000000708200000, 0x0000000708200000, 0x0000000708400000|  0%| F|  |TAMS 0x0000000708200000| PB 0x0000000708200000| Untracked 
|  48|0x0000000708400000, 0x0000000708400000, 0x0000000708600000|  0%| F|  |TAMS 0x0000000708400000| PB 0x0000000708400000| Untracked 
|  49|0x0000000708600000, 0x0000000708600000, 0x0000000708800000|  0%| F|  |TAMS 0x0000000708600000| PB 0x0000000708600000| Untracked 
|  50|0x0000000708800000, 0x0000000708800000, 0x0000000708a00000|  0%| F|  |TAMS 0x0000000708800000| PB 0x0000000708800000| Untracked 
|  51|0x0000000708a00000, 0x0000000708a00000, 0x0000000708c00000|  0%| F|  |TAMS 0x0000000708a00000| PB 0x0000000708a00000| Untracked 
|  52|0x0000000708c00000, 0x0000000708c00000, 0x0000000708e00000|  0%| F|  |TAMS 0x0000000708c00000| PB 0x0000000708c00000| Untracked 
|  53|0x0000000708e00000, 0x0000000708e00000, 0x0000000709000000|  0%| F|  |TAMS 0x0000000708e00000| PB 0x0000000708e00000| Untracked 
|  54|0x0000000709000000, 0x0000000709000000, 0x0000000709200000|  0%| F|  |TAMS 0x0000000709000000| PB 0x0000000709000000| Untracked 
|  55|0x0000000709200000, 0x0000000709200000, 0x0000000709400000|  0%| F|  |TAMS 0x0000000709200000| PB 0x0000000709200000| Untracked 
|  56|0x0000000709400000, 0x0000000709400000, 0x0000000709600000|  0%| F|  |TAMS 0x0000000709400000| PB 0x0000000709400000| Untracked 
|  57|0x0000000709600000, 0x0000000709600000, 0x0000000709800000|  0%| F|  |TAMS 0x0000000709600000| PB 0x0000000709600000| Untracked 
|  58|0x0000000709800000, 0x0000000709800000, 0x0000000709a00000|  0%| F|  |TAMS 0x0000000709800000| PB 0x0000000709800000| Untracked 
|  59|0x0000000709a00000, 0x0000000709a00000, 0x0000000709c00000|  0%| F|  |TAMS 0x0000000709a00000| PB 0x0000000709a00000| Untracked 
|  60|0x0000000709c00000, 0x0000000709c00000, 0x0000000709e00000|  0%| F|  |TAMS 0x0000000709c00000| PB 0x0000000709c00000| Untracked 
|  61|0x0000000709e00000, 0x0000000709e00000, 0x000000070a000000|  0%| F|  |TAMS 0x0000000709e00000| PB 0x0000000709e00000| Untracked 
|  62|0x000000070a000000, 0x000000070a000000, 0x000000070a200000|  0%| F|  |TAMS 0x000000070a000000| PB 0x000000070a000000| Untracked 
|  63|0x000000070a200000, 0x000000070a200000, 0x000000070a400000|  0%| F|  |TAMS 0x000000070a200000| PB 0x000000070a200000| Untracked 
|  64|0x000000070a400000, 0x000000070a400000, 0x000000070a600000|  0%| F|  |TAMS 0x000000070a400000| PB 0x000000070a400000| Untracked 
|  65|0x000000070a600000, 0x000000070a600000, 0x000000070a800000|  0%| F|  |TAMS 0x000000070a600000| PB 0x000000070a600000| Untracked 
|  66|0x000000070a800000, 0x000000070a800000, 0x000000070aa00000|  0%| F|  |TAMS 0x000000070a800000| PB 0x000000070a800000| Untracked 
|  67|0x000000070aa00000, 0x000000070aa00000, 0x000000070ac00000|  0%| F|  |TAMS 0x000000070aa00000| PB 0x000000070aa00000| Untracked 
|  68|0x000000070ac00000, 0x000000070ac00000, 0x000000070ae00000|  0%| F|  |TAMS 0x000000070ac00000| PB 0x000000070ac00000| Untracked 
|  69|0x000000070ae00000, 0x000000070ae00000, 0x000000070b000000|  0%| F|  |TAMS 0x000000070ae00000| PB 0x000000070ae00000| Untracked 
|  70|0x000000070b000000, 0x000000070b000000, 0x000000070b200000|  0%| F|  |TAMS 0x000000070b000000| PB 0x000000070b000000| Untracked 
|  71|0x000000070b200000, 0x000000070b200000, 0x000000070b400000|  0%| F|  |TAMS 0x000000070b200000| PB 0x000000070b200000| Untracked 
|  72|0x000000070b400000, 0x000000070b400000, 0x000000070b600000|  0%| F|  |TAMS 0x000000070b400000| PB 0x000000070b400000| Untracked 
|  73|0x000000070b600000, 0x000000070b600000, 0x000000070b800000|  0%| F|  |TAMS 0x000000070b600000| PB 0x000000070b600000| Untracked 
|  74|0x000000070b800000, 0x000000070b800000, 0x000000070ba00000|  0%| F|  |TAMS 0x000000070b800000| PB 0x000000070b800000| Untracked 
|  75|0x000000070ba00000, 0x000000070ba00000, 0x000000070bc00000|  0%| F|  |TAMS 0x000000070ba00000| PB 0x000000070ba00000| Untracked 
|  76|0x000000070bc00000, 0x000000070bc00000, 0x000000070be00000|  0%| F|  |TAMS 0x000000070bc00000| PB 0x000000070bc00000| Untracked 
|  77|0x000000070be00000, 0x000000070be00000, 0x000000070c000000|  0%| F|  |TAMS 0x000000070be00000| PB 0x000000070be00000| Untracked 
|  78|0x000000070c000000, 0x000000070c000000, 0x000000070c200000|  0%| F|  |TAMS 0x000000070c000000| PB 0x000000070c000000| Untracked 
|  79|0x000000070c200000, 0x000000070c200000, 0x000000070c400000|  0%| F|  |TAMS 0x000000070c200000| PB 0x000000070c200000| Untracked 
|  80|0x000000070c400000, 0x000000070c400000, 0x000000070c600000|  0%| F|  |TAMS 0x000000070c400000| PB 0x000000070c400000| Untracked 
|  81|0x000000070c600000, 0x000000070c600000, 0x000000070c800000|  0%| F|  |TAMS 0x000000070c600000| PB 0x000000070c600000| Untracked 
|  82|0x000000070c800000, 0x000000070c800000, 0x000000070ca00000|  0%| F|  |TAMS 0x000000070c800000| PB 0x000000070c800000| Untracked 
|  83|0x000000070ca00000, 0x000000070ca00000, 0x000000070cc00000|  0%| F|  |TAMS 0x000000070ca00000| PB 0x000000070ca00000| Untracked 
|  84|0x000000070cc00000, 0x000000070cc00000, 0x000000070ce00000|  0%| F|  |TAMS 0x000000070cc00000| PB 0x000000070cc00000| Untracked 
|  85|0x000000070ce00000, 0x000000070ce00000, 0x000000070d000000|  0%| F|  |TAMS 0x000000070ce00000| PB 0x000000070ce00000| Untracked 
|  86|0x000000070d000000, 0x000000070d000000, 0x000000070d200000|  0%| F|  |TAMS 0x000000070d000000| PB 0x000000070d000000| Untracked 
|  87|0x000000070d200000, 0x000000070d200000, 0x000000070d400000|  0%| F|  |TAMS 0x000000070d200000| PB 0x000000070d200000| Untracked 
|  88|0x000000070d400000, 0x000000070d400000, 0x000000070d600000|  0%| F|  |TAMS 0x000000070d400000| PB 0x000000070d400000| Untracked 
|  89|0x000000070d600000, 0x000000070d600000, 0x000000070d800000|  0%| F|  |TAMS 0x000000070d600000| PB 0x000000070d600000| Untracked 
|  90|0x000000070d800000, 0x000000070d800000, 0x000000070da00000|  0%| F|  |TAMS 0x000000070d800000| PB 0x000000070d800000| Untracked 
|  91|0x000000070da00000, 0x000000070da00000, 0x000000070dc00000|  0%| F|  |TAMS 0x000000070da00000| PB 0x000000070da00000| Untracked 
|  92|0x000000070dc00000, 0x000000070dc00000, 0x000000070de00000|  0%| F|  |TAMS 0x000000070dc00000| PB 0x000000070dc00000| Untracked 
|  93|0x000000070de00000, 0x000000070de00000, 0x000000070e000000|  0%| F|  |TAMS 0x000000070de00000| PB 0x000000070de00000| Untracked 
|  94|0x000000070e000000, 0x000000070e000000, 0x000000070e200000|  0%| F|  |TAMS 0x000000070e000000| PB 0x000000070e000000| Untracked 
|  95|0x000000070e200000, 0x000000070e200000, 0x000000070e400000|  0%| F|  |TAMS 0x000000070e200000| PB 0x000000070e200000| Untracked 
|  96|0x000000070e400000, 0x000000070e400000, 0x000000070e600000|  0%| F|  |TAMS 0x000000070e400000| PB 0x000000070e400000| Untracked 
|  97|0x000000070e600000, 0x000000070e600000, 0x000000070e800000|  0%| F|  |TAMS 0x000000070e600000| PB 0x000000070e600000| Untracked 
|  98|0x000000070e800000, 0x000000070e800000, 0x000000070ea00000|  0%| F|  |TAMS 0x000000070e800000| PB 0x000000070e800000| Untracked 
|  99|0x000000070ea00000, 0x000000070ea00000, 0x000000070ec00000|  0%| F|  |TAMS 0x000000070ea00000| PB 0x000000070ea00000| Untracked 
| 100|0x000000070ec00000, 0x000000070ec00000, 0x000000070ee00000|  0%| F|  |TAMS 0x000000070ec00000| PB 0x000000070ec00000| Untracked 
| 101|0x000000070ee00000, 0x000000070ee00000, 0x000000070f000000|  0%| F|  |TAMS 0x000000070ee00000| PB 0x000000070ee00000| Untracked 
| 102|0x000000070f000000, 0x000000070f000000, 0x000000070f200000|  0%| F|  |TAMS 0x000000070f000000| PB 0x000000070f000000| Untracked 
| 103|0x000000070f200000, 0x000000070f200000, 0x000000070f400000|  0%| F|  |TAMS 0x000000070f200000| PB 0x000000070f200000| Untracked 
| 104|0x000000070f400000, 0x000000070f400000, 0x000000070f600000|  0%| F|  |TAMS 0x000000070f400000| PB 0x000000070f400000| Untracked 
| 105|0x000000070f600000, 0x000000070f600000, 0x000000070f800000|  0%| F|  |TAMS 0x000000070f600000| PB 0x000000070f600000| Untracked 
| 106|0x000000070f800000, 0x000000070f800000, 0x000000070fa00000|  0%| F|  |TAMS 0x000000070f800000| PB 0x000000070f800000| Untracked 
| 107|0x000000070fa00000, 0x000000070fa00000, 0x000000070fc00000|  0%| F|  |TAMS 0x000000070fa00000| PB 0x000000070fa00000| Untracked 
| 108|0x000000070fc00000, 0x000000070fc00000, 0x000000070fe00000|  0%| F|  |TAMS 0x000000070fc00000| PB 0x000000070fc00000| Untracked 
| 109|0x000000070fe00000, 0x000000070fe00000, 0x0000000710000000|  0%| F|  |TAMS 0x000000070fe00000| PB 0x000000070fe00000| Untracked 
| 110|0x0000000710000000, 0x0000000710000000, 0x0000000710200000|  0%| F|  |TAMS 0x0000000710000000| PB 0x0000000710000000| Untracked 
| 111|0x0000000710200000, 0x0000000710200000, 0x0000000710400000|  0%| F|  |TAMS 0x0000000710200000| PB 0x0000000710200000| Untracked 
| 112|0x0000000710400000, 0x0000000710400000, 0x0000000710600000|  0%| F|  |TAMS 0x0000000710400000| PB 0x0000000710400000| Untracked 
| 113|0x0000000710600000, 0x0000000710600000, 0x0000000710800000|  0%| F|  |TAMS 0x0000000710600000| PB 0x0000000710600000| Untracked 
| 114|0x0000000710800000, 0x0000000710800000, 0x0000000710a00000|  0%| F|  |TAMS 0x0000000710800000| PB 0x0000000710800000| Untracked 
| 115|0x0000000710a00000, 0x0000000710a00000, 0x0000000710c00000|  0%| F|  |TAMS 0x0000000710a00000| PB 0x0000000710a00000| Untracked 
| 116|0x0000000710c00000, 0x0000000710c00000, 0x0000000710e00000|  0%| F|  |TAMS 0x0000000710c00000| PB 0x0000000710c00000| Untracked 
| 117|0x0000000710e00000, 0x0000000710e00000, 0x0000000711000000|  0%| F|  |TAMS 0x0000000710e00000| PB 0x0000000710e00000| Untracked 
| 118|0x0000000711000000, 0x0000000711000000, 0x0000000711200000|  0%| F|  |TAMS 0x0000000711000000| PB 0x0000000711000000| Untracked 
| 119|0x0000000711200000, 0x0000000711200000, 0x0000000711400000|  0%| F|  |TAMS 0x0000000711200000| PB 0x0000000711200000| Untracked 
| 120|0x0000000711400000, 0x0000000711400000, 0x0000000711600000|  0%| F|  |TAMS 0x0000000711400000| PB 0x0000000711400000| Untracked 
| 121|0x0000000711600000, 0x0000000711600000, 0x0000000711800000|  0%| F|  |TAMS 0x0000000711600000| PB 0x0000000711600000| Untracked 
| 122|0x0000000711800000, 0x0000000711800000, 0x0000000711a00000|  0%| F|  |TAMS 0x0000000711800000| PB 0x0000000711800000| Untracked 
| 123|0x0000000711a00000, 0x0000000711af4760, 0x0000000711c00000| 47%| E|  |TAMS 0x0000000711a00000| PB 0x0000000711a00000| Complete 
| 124|0x0000000711c00000, 0x0000000711e00000, 0x0000000711e00000|100%| E|CS|TAMS 0x0000000711c00000| PB 0x0000000711c00000| Complete 
| 125|0x0000000711e00000, 0x0000000712000000, 0x0000000712000000|100%| E|CS|TAMS 0x0000000711e00000| PB 0x0000000711e00000| Complete 
| 126|0x0000000712000000, 0x0000000712200000, 0x0000000712200000|100%| E|CS|TAMS 0x0000000712000000| PB 0x0000000712000000| Complete 

Card table byte_map: [0x000001b4f73f0000,0x000001b4f7be0000] _byte_map_base: 0x000001b4f3bde000

Marking Bits: (CMBitMap*) 0x000001b4f28e8000
 Bits: [0x000001b4f7be0000, 0x000001b4fbb50000)

Polling page: 0x000001b4f2050000

Metaspace:

Usage:
  Non-class:    843.84 KB used.
      Class:     94.45 KB used.
       Both:    938.28 KB used.

Virtual space:
  Non-class space:       64.00 MB reserved,     896.00 KB (  1%) committed,  1 nodes.
      Class space:        1.00 GB reserved,     128.00 KB ( <1%) committed,  1 nodes.
             Both:        1.06 GB reserved,       1.00 MB ( <1%) committed. 

Chunk freelists:
   Non-Class:  11.67 MB
       Class:  15.69 MB
        Both:  27.36 MB

MaxMetaspaceSize: unlimited
CompressedClassSpaceSize: 1.00 GB
Initial GC threshold: 21.00 MB
Current GC threshold: 21.00 MB
CDS: on
 - commit_granule_bytes: 65536.
 - commit_granule_words: 8192.
 - virtual_space_node_default_size: 8388608.
 - enlarge_chunks_in_place: 1.
 - use_allocation_guard: 0.


Internal statistics:

num_allocs_failed_limit: 0.
num_arena_births: 18.
num_arena_deaths: 0.
num_vsnodes_births: 2.
num_vsnodes_deaths: 0.
num_space_committed: 16.
num_space_uncommitted: 0.
num_chunks_returned_to_freelist: 0.
num_chunks_taken_from_freelist: 39.
num_chunk_merges: 0.
num_chunk_splits: 27.
num_chunks_enlarged: 21.
num_inconsistent_stats: 0.

CodeHeap 'non-profiled nmethods': size=120000Kb used=133Kb max_used=133Kb free=119866Kb
 bounds [0x000001b487ad0000, 0x000001b487d40000, 0x000001b48f000000]
CodeHeap 'profiled nmethods': size=120000Kb used=596Kb max_used=596Kb free=119403Kb
 bounds [0x000001b480000000, 0x000001b480270000, 0x000001b487530000]
CodeHeap 'non-nmethods': size=5760Kb used=1347Kb max_used=1359Kb free=4412Kb
 bounds [0x000001b487530000, 0x000001b4877a0000, 0x000001b487ad0000]
CodeCache: size=245760Kb, used=2076Kb, max_used=2088Kb, free=243681Kb
 total_blobs=895, nmethods=442, adapters=358, full_count=0
Compilation: enabled, stopped_count=0, restarted_count=0

Compilation events (20 events):
Event: 0.174 Thread 0x000001b4fe57fd70  428       3       sun.security.provider.DigestBase::engineUpdate (176 bytes)
Event: 0.175 Thread 0x000001b4fe57f2d0  431       4       java.lang.StringBuilder::append (8 bytes)
Event: 0.175 Thread 0x000001b4fe57fd70 nmethod 428 0x000001b480090d10 code [0x000001b480090f80, 0x000001b480091b88]
Event: 0.175 Thread 0x000001b4fe57fd70  429       3       sun.nio.fs.WindowsPath::<init> (26 bytes)
Event: 0.175 Thread 0x000001b4fe57fd70 nmethod 429 0x000001b480091f10 code [0x000001b4800920c0, 0x000001b4800923b8]
Event: 0.175 Thread 0x000001b4fe57fd70  430       3       java.lang.ref.WeakReference::<init> (6 bytes)
Event: 0.175 Thread 0x000001b4fe57fd70 nmethod 430 0x000001b480092490 code [0x000001b480092660, 0x000001b480092978]
Event: 0.175 Thread 0x000001b4fe57fd70  433       3       jdk.internal.misc.VM::isBooted (13 bytes)
Event: 0.175 Thread 0x000001b4fe57fd70 nmethod 433 0x000001b480092a90 code [0x000001b480092c20, 0x000001b480092d70]
Event: 0.175 Thread 0x000001b4fe57fd70  436       3       java.lang.ref.Reference::<init> (7 bytes)
Event: 0.175 Thread 0x000001b4fe57fd70 nmethod 436 0x000001b480092e10 code [0x000001b480092fc0, 0x000001b480093280]
Event: 0.175 Thread 0x000001b4fe57fd70  437   !   3       jdk.internal.misc.Blocker::begin (97 bytes)
Event: 0.175 Thread 0x000001b4fe57fd70 nmethod 437 0x000001b480093390 code [0x000001b4800935c0, 0x000001b480093e98]
Event: 0.175 Thread 0x000001b4fe57fd70  438       3       jdk.internal.misc.Blocker::end (71 bytes)
Event: 0.176 Thread 0x000001b4fe57fd70 nmethod 438 0x000001b480094110 code [0x000001b480094300, 0x000001b4800947c0]
Event: 0.176 Thread 0x000001b4fe57fd70  439       3       jdk.internal.misc.Blocker::currentCarrierThread (9 bytes)
Event: 0.176 Thread 0x000001b4fe57fd70 nmethod 439 0x000001b480094990 code [0x000001b480094b40, 0x000001b480094ca8]
Event: 0.176 Thread 0x000001b4fe57fd70  440       3       java.lang.System$2::currentCarrierThread (4 bytes)
Event: 0.176 Thread 0x000001b4fe57fd70 nmethod 440 0x000001b480094d90 code [0x000001b480094f20, 0x000001b480095048]
Event: 0.176 Thread 0x000001b4fe57fd70  435       3       sun.nio.fs.WindowsPathParser::parse (504 bytes)

GC Heap History (0 events):
No events

Dll operation events (2 events):
Event: 0.007 Loaded shared library C:\Program Files\JetBrains\IntelliJ IDEA Community Edition 2025.2.2\jbr\bin\java.dll
Event: 0.128 Loaded shared library C:\Program Files\JetBrains\IntelliJ IDEA Community Edition 2025.2.2\jbr\bin\zip.dll

Deoptimization events (0 events):
No events

Classes loaded (16 events):
Event: 0.055 Loading class jdk/internal/vm/PostVMInitHook
Event: 0.055 Loading class jdk/internal/vm/PostVMInitHook done
Event: 0.128 Loading class jdk/internal/event/SecurityProviderServiceEvent
Event: 0.128 Loading class jdk/internal/event/Event
Event: 0.128 Loading class jdk/internal/event/Event done
Event: 0.128 Loading class jdk/internal/event/SecurityProviderServiceEvent done
Event: 0.164 Loading class java/security/DrbgParameters$NextBytes
Event: 0.164 Loading class java/security/DrbgParameters$NextBytes done
Event: 0.164 Loading class sun/security/provider/AbstractDrbg$SeederHolder
Event: 0.164 Loading class sun/security/provider/AbstractDrbg$SeederHolder done
Event: 0.164 Loading class sun/security/provider/SeedGenerator
Event: 0.164 Loading class sun/security/provider/SeedGenerator done
Event: 0.164 Loading class sun/security/provider/NativeSeedGenerator
Event: 0.164 Loading class sun/security/provider/NativeSeedGenerator done
Event: 0.167 Loading class sun/security/provider/SeedGenerator$1
Event: 0.167 Loading class sun/security/provider/SeedGenerator$1 done

Classes unloaded (0 events):
No events

Classes redefined (0 events):
No events

Internal exceptions (1 events):
Event: 0.136 Thread 0x000001b4f2883550 Exception <a 'sun/nio/fs/WindowsException'{0x0000000711c31430}> (0x0000000711c31430) 
thrown [s\src\hotspot\share\prims\jni.cpp, line 537]

ZGC Phase Switch (0 events):
No events

VM Operations (6 events):
Event: 0.067 Executing VM operation: HandshakeAllThreads (Deoptimize)
Event: 0.067 Executing VM operation: HandshakeAllThreads (Deoptimize) done
Event: 0.071 Executing VM operation: HandshakeAllThreads (Deoptimize)
Event: 0.071 Executing VM operation: HandshakeAllThreads (Deoptimize) done
Event: 0.169 Executing VM operation: HandshakeAllThreads (Deoptimize)
Event: 0.169 Executing VM operation: HandshakeAllThreads (Deoptimize) done

Memory protections (0 events):
No events

Nmethod flushes (0 events):
No events

Events (16 events):
Event: 0.030 Thread 0x000001b4f2883550 Thread added: 0x000001b4f2883550
Event: 0.041 Thread 0x000001b4f2883550 Thread added: 0x000001b4fe573e50
Event: 0.042 Thread 0x000001b4f2883550 Thread added: 0x000001b4fe576000
Event: 0.042 Thread 0x000001b4f2883550 Thread added: 0x000001b4fe576c60
Event: 0.042 Thread 0x000001b4f2883550 Thread added: 0x000001b4fe5796d0
Event: 0.043 Thread 0x000001b4f2883550 Thread added: 0x000001b4fe57c140
Event: 0.043 Thread 0x000001b4f2883550 Thread added: 0x000001b4fe580e80
Event: 0.043 Thread 0x000001b4f2883550 Thread added: 0x000001b4fe5818e0
Event: 0.043 Thread 0x000001b4f2883550 Thread added: 0x000001b4fe57f2d0
Event: 0.043 Thread 0x000001b4f2883550 Thread added: 0x000001b4fe57fd70
Event: 0.054 Thread 0x000001b4f2883550 Thread added: 0x000001b4fe809bb0
Event: 0.059 Loaded shared library C:\Program Files\JetBrains\IntelliJ IDEA Community Edition 2025.2.2\jbr\bin\net.dll
Event: 0.061 Loaded shared library C:\Program Files\JetBrains\IntelliJ IDEA Community Edition 2025.2.2\jbr\bin\nio.dll
Event: 0.064 Loaded shared library C:\Program Files\JetBrains\IntelliJ IDEA Community Edition 2025.2.2\jbr\bin\zip.dll
Event: 0.102 Loaded shared library C:\Program Files\JetBrains\IntelliJ IDEA Community Edition 2025.2.2\jbr\bin\jimage.dll
Event: 0.115 Loaded shared library C:\Program Files\JetBrains\IntelliJ IDEA Community Edition 2025.2.2\jbr\bin\sunmscapi.dll


Dynamic libraries:
0x00007ff66b350000 - 0x00007ff66b35a000 	C:\Program Files\JetBrains\IntelliJ IDEA Community Edition 2025.2.2\jbr\bin\java.exe
0x00007ffa625b0000 - 0x00007ffa627a8000 	C:\Windows\SYSTEM32\ntdll.dll
0x00007ffa60d30000 - 0x00007ffa60df2000 	C:\Windows\System32\KERNEL32.DLL
0x00007ffa60030000 - 0x00007ffa60326000 	C:\Windows\System32\KERNELBASE.dll
0x00007ffa5fcf0000 - 0x00007ffa5fdf0000 	C:\Windows\System32\ucrtbase.dll
0x00007ffa4c650000 - 0x00007ffa4c66b000 	C:\Program Files\JetBrains\IntelliJ IDEA Community Edition 2025.2.2\jbr\bin\VCRUNTIME140.dll
0x00007ffa39af0000 - 0x00007ffa39b08000 	C:\Program Files\JetBrains\IntelliJ IDEA Community Edition 2025.2.2\jbr\bin\jli.dll
0x00007ffa60b80000 - 0x00007ffa60d21000 	C:\Windows\System32\USER32.dll
0x00007ffa5fea0000 - 0x00007ffa5fec2000 	C:\Windows\System32\win32u.dll
0x00007ffa56980000 - 0x00007ffa56c1b000 	C:\Windows\WinSxS\amd64_microsoft.windows.common-controls_6595b64144ccf1df_6.0.19041.6456_none_60b8a6cb71f64256\COMCTL32.dll
0x00007ffa614a0000 - 0x00007ffa614cb000 	C:\Windows\System32\GDI32.dll
0x00007ffa60330000 - 0x00007ffa60449000 	C:\Windows\System32\gdi32full.dll
0x00007ffa624d0000 - 0x00007ffa6256e000 	C:\Windows\System32\msvcrt.dll
0x00007ffa60530000 - 0x00007ffa605cd000 	C:\Windows\System32\msvcp_win.dll
0x00007ffa60e00000 - 0x00007ffa60e2f000 	C:\Windows\System32\IMM32.DLL
0x00007ffa58250000 - 0x00007ffa5825c000 	C:\Program Files\JetBrains\IntelliJ IDEA Community Edition 2025.2.2\jbr\bin\vcruntime140_1.dll
0x00007ffa17140000 - 0x00007ffa171cd000 	C:\Program Files\JetBrains\IntelliJ IDEA Community Edition 2025.2.2\jbr\bin\msvcp140.dll
0x00007ffa05840000 - 0x00007ffa0660b000 	C:\Program Files\JetBrains\IntelliJ IDEA Community Edition 2025.2.2\jbr\bin\server\jvm.dll
0x00007ffa623a0000 - 0x00007ffa62451000 	C:\Windows\System32\ADVAPI32.dll
0x00007ffa610a0000 - 0x00007ffa6113f000 	C:\Windows\System32\sechost.dll
0x00007ffa621b0000 - 0x00007ffa622d0000 	C:\Windows\System32\RPCRT4.dll
0x00007ffa5fe70000 - 0x00007ffa5fe97000 	C:\Windows\System32\bcrypt.dll
0x00007ffa61700000 - 0x00007ffa6176b000 	C:\Windows\System32\WS2_32.dll
0x00007ffa5f9f0000 - 0x00007ffa5fa3b000 	C:\Windows\SYSTEM32\POWRPROF.dll
0x00007ffa5a830000 - 0x00007ffa5a83a000 	C:\Windows\SYSTEM32\VERSION.dll
0x00007ffa58180000 - 0x00007ffa581a7000 	C:\Windows\SYSTEM32\WINMM.dll
0x00007ffa5f9c0000 - 0x00007ffa5f9d2000 	C:\Windows\SYSTEM32\UMPDC.dll
0x00007ffa5d9e0000 - 0x00007ffa5d9f2000 	C:\Windows\SYSTEM32\kernel.appcore.dll
0x00007ffa58200000 - 0x00007ffa5820a000 	C:\Program Files\JetBrains\IntelliJ IDEA Community Edition 2025.2.2\jbr\bin\jimage.dll
0x00007ffa59600000 - 0x00007ffa59801000 	C:\Windows\SYSTEM32\DBGHELP.DLL
0x00007ffa59170000 - 0x00007ffa591a4000 	C:\Windows\SYSTEM32\dbgcore.DLL
0x00007ffa60450000 - 0x00007ffa604d2000 	C:\Windows\System32\bcryptPrimitives.dll
0x00007ffa46d80000 - 0x00007ffa46da0000 	C:\Program Files\JetBrains\IntelliJ IDEA Community Edition 2025.2.2\jbr\bin\java.dll
0x00007ffa619b0000 - 0x00007ffa62120000 	C:\Windows\System32\SHELL32.dll
0x00007ffa5dcc0000 - 0x00007ffa5e465000 	C:\Windows\SYSTEM32\windows.storage.dll
0x00007ffa61140000 - 0x00007ffa61494000 	C:\Windows\System32\combase.dll
0x00007ffa5f590000 - 0x00007ffa5f5bb000 	C:\Windows\SYSTEM32\Wldp.dll
0x00007ffa622d0000 - 0x00007ffa6239d000 	C:\Windows\System32\OLEAUT32.dll
0x00007ffa617e0000 - 0x00007ffa6188d000 	C:\Windows\System32\SHCORE.dll
0x00007ffa61770000 - 0x00007ffa617cb000 	C:\Windows\System32\shlwapi.dll
0x00007ffa5fb70000 - 0x00007ffa5fb94000 	C:\Windows\SYSTEM32\profapi.dll
0x00007ffa55c10000 - 0x00007ffa55c20000 	C:\Program Files\JetBrains\IntelliJ IDEA Community Edition 2025.2.2\jbr\bin\net.dll
0x00007ffa58ca0000 - 0x00007ffa58daa000 	C:\Windows\SYSTEM32\WINHTTP.dll
0x00007ffa5f2f0000 - 0x00007ffa5f35a000 	C:\Windows\system32\mswsock.dll
0x00007ffa44300000 - 0x00007ffa44316000 	C:\Program Files\JetBrains\IntelliJ IDEA Community Edition 2025.2.2\jbr\bin\nio.dll
0x00007ffa45360000 - 0x00007ffa45378000 	C:\Program Files\JetBrains\IntelliJ IDEA Community Edition 2025.2.2\jbr\bin\zip.dll
0x00007ffa53b50000 - 0x00007ffa53b5e000 	C:\Program Files\JetBrains\IntelliJ IDEA Community Edition 2025.2.2\jbr\bin\sunmscapi.dll
0x00007ffa5fed0000 - 0x00007ffa6002d000 	C:\Windows\System32\CRYPT32.dll
0x00007ffa5f600000 - 0x00007ffa5f627000 	C:\Windows\SYSTEM32\ncrypt.dll
0x00007ffa5f5c0000 - 0x00007ffa5f5fb000 	C:\Windows\SYSTEM32\NTASN1.dll
0x00007ffa5f4f0000 - 0x00007ffa5f508000 	C:\Windows\SYSTEM32\CRYPTSP.dll
0x00007ffa5ec10000 - 0x00007ffa5ec48000 	C:\Windows\system32\rsaenh.dll
0x00007ffa5fb30000 - 0x00007ffa5fb5e000 	C:\Windows\SYSTEM32\USERENV.dll
0x00007ffa5f4e0000 - 0x00007ffa5f4ec000 	C:\Windows\SYSTEM32\CRYPTBASE.dll
0x00007ffa5efd0000 - 0x00007ffa5f00b000 	C:\Windows\SYSTEM32\IPHLPAPI.DLL
0x00007ffa62460000 - 0x00007ffa62468000 	C:\Windows\System32\NSI.dll

JVMTI agents: none

dbghelp: loaded successfully - version: 4.0.5 - missing functions: none
symbol engine: initialized successfully - sym options: 0x614 - pdb path: .;C:\Program Files\JetBrains\IntelliJ IDEA Community Edition 2025.2.2\jbr\bin;C:\Windows\SYSTEM32;C:\Windows\WinSxS\amd64_microsoft.windows.common-controls_6595b64144ccf1df_6.0.19041.6456_none_60b8a6cb71f64256;C:\Program Files\JetBrains\IntelliJ IDEA Community Edition 2025.2.2\jbr\bin\server

VM Arguments:
java_command: git4idea.http.GitAskPassApp Username for 'https://github.com': 
java_class_path (initial): C:/Program Files/JetBrains/IntelliJ IDEA Community Edition 2025.2.2/plugins/vcs-git/lib/git4idea-rt.jar;C:/Program Files/JetBrains/IntelliJ IDEA Community Edition 2025.2.2/lib/externalProcess-rt.jar
Launcher Type: SUN_STANDARD

[Global flags]
     intx CICompilerCount                          = 4                                         {product} {ergonomic}
     uint ConcGCThreads                            = 2                                         {product} {ergonomic}
     uint G1ConcRefinementThreads                  = 8                                         {product} {ergonomic}
   size_t G1HeapRegionSize                         = 2097152                                   {product} {ergonomic}
    uintx GCDrainStackTargetSize                   = 64                                        {product} {ergonomic}
   size_t InitialHeapSize                          = 266338304                                 {product} {ergonomic}
   size_t MarkStackSize                            = 4194304                                   {product} {ergonomic}
   size_t MaxHeapSize                              = 4257218560                                {product} {ergonomic}
   size_t MaxNewSize                               = 2554331136                                {product} {ergonomic}
   size_t MinHeapDeltaBytes                        = 2097152                                   {product} {ergonomic}
   size_t MinHeapSize                              = 8388608                                   {product} {ergonomic}
    uintx NonNMethodCodeHeapSize                   = 5839372                                {pd product} {ergonomic}
    uintx NonProfiledCodeHeapSize                  = 122909434                              {pd product} {ergonomic}
    uintx ProfiledCodeHeapSize                     = 122909434                              {pd product} {ergonomic}
    uintx ReservedCodeCacheSize                    = 251658240                              {pd product} {ergonomic}
     bool SegmentedCodeCache                       = true                                      {product} {ergonomic}
   size_t SoftMaxHeapSize                          = 4257218560                             {manageable} {ergonomic}
     bool UseCompressedOops                        = true                           {product lp64_product} {ergonomic}
     bool UseG1GC                                  = true                                      {product} {ergonomic}
     bool UseLargePagesIndividualAllocation        = false                                  {pd product} {ergonomic}

Logging:
Log output configuration:
 #0: stdout all=warning uptime,level,tags foldmultilines=false
 #1: stderr all=off uptime,level,tags foldmultilines=false

Environment Variables:
JAVA_HOME=C:\Program Files\Java\jdk-21
PATH=C:/Program Files/Git/mingw64/libexec/git-core;C:/Program Files/Git/mingw64/libexec/git-core;C:\Program Files\Git\mingw64\bin;C:\Program Files\Git\usr\bin;C:\Users\Fodjo family\bin;C:\Program Files\Common Files\Oracle\Java\javapath;C:\Python313\Scripts\;C:\Python313\;C:\Program Files (x86)\NVIDIA Corporation\PhysX\Common;C:\Windows\system32;C:\Windows;C:\Windows\System32\Wbem;C:\Windows\System32\WindowsPowerShell\v1.0\;C:\Windows\System32\OpenSSH\;C:\Program Files\MATLAB\R2022b\runtime\win64;C:\Program Files\MATLAB\R2022b\bin;C:\Program Files\dotnet\;C:\Program Files (x86)\Windows Kits\8.1\Windows Performance Toolkit\;C:\Program Files\nodejs\;C:\ProgramData\chocolatey\bin;C:\Program Files\Git\cmd;C:\Program Files\Git\mingw64\bin;C:\Program Files\Git\usr\bin;C:\Program Files\Graphviz\bin;C:\Program Files\MySQL\MySQL Shell 8.0\bin\;C:\Users\Fodjo family\AppData\Local\Microsoft\WindowsApps;C:\Users\Fodjo family\AppData\Local\Programs\MiKTeX\miktex\bin\x64\;C:\Users\Fodjo family\AppData\Local\Programs\Microsoft VS Code\bin;C:\Users\Fodjo family\AppData\Local\GitHubDesktop\bin;C:\Users\Fodjo family\AppData\Roaming\npm;C:\Program Files\JetBrains\IntelliJ IDEA Community Edition 2025.2.2\bin
USERNAME=Fodjofamily
DISPLAY=:0.0
LC_ALL=en_US.UTF-8
TERM=xterm-256color
TMPDIR=C:\Users\FODJOF~1\AppData\Local\Temp
OS=Windows_NT
PROCESSOR_IDENTIFIER=Intel64 Family 6 Model 94 Stepping 3, GenuineIntel
TMP=C:\Users\FODJOF~1\AppData\Local\Temp
TEMP=C:\Users\FODJOF~1\AppData\Local\Temp




Periodic native trim disabled

JNI global refs:
JNI global refs: 18, weak refs: 0

JNI global refs memory usage: 835, weak refs: 201

Process memory usage:
Resident Set Size: 62268K (0% of 16624016K total physical memory with 6516456K free physical memory)

OOME stack traces (most recent first):
Classloader memory used:
